The system is: Linux - 3.10.0-957.5.1.el7.x86_64 - x86_64
Compiling the CXX compiler identification source file "CMakeCXXCompilerId.cpp" succeeded.
Compiler: /usr/bin/clang++ 
Build flags: 
Id flags:  

The output was:
0


Compilation of the CXX compiler identification source "CMakeCXXCompilerId.cpp" produced "a.out"

The CXX compiler identification is Clang, found in "/user/8/felihol/ParalleleFinance/ParalelleProject/build/CMakeFiles/3.13.1/CompilerIdCXX/a.out"

Determining if the CXX compiler works passed with the following output:
Change Dir: /user/8/felihol/ParalleleFinance/ParalelleProject/build/CMakeFiles/CMakeTmp

Run Build Command:"/usr/bin/gmake" "cmTC_8c4e5/fast"
/usr/bin/gmake -f CMakeFiles/cmTC_8c4e5.dir/build.make CMakeFiles/cmTC_8c4e5.dir/build
gmake[1]: Entering directory `/user/8/.base/felihol/home/ParalleleFinance/ParalelleProject/build/CMakeFiles/CMakeTmp'
Building CXX object CMakeFiles/cmTC_8c4e5.dir/testCXXCompiler.cxx.o
/usr/bin/clang++     -o CMakeFiles/cmTC_8c4e5.dir/testCXXCompiler.cxx.o -c /user/8/felihol/ParalleleFinance/ParalelleProject/build/CMakeFiles/CMakeTmp/testCXXCompiler.cxx
Linking CXX executable cmTC_8c4e5
/usr/bin/cmake3 -E cmake_link_script CMakeFiles/cmTC_8c4e5.dir/link.txt --verbose=1
/usr/bin/clang++       -rdynamic CMakeFiles/cmTC_8c4e5.dir/testCXXCompiler.cxx.o  -o cmTC_8c4e5 
gmake[1]: Leaving directory `/user/8/.base/felihol/home/ParalleleFinance/ParalelleProject/build/CMakeFiles/CMakeTmp'


Detecting CXX compiler ABI info compiled with the following output:
Change Dir: /user/8/felihol/ParalleleFinance/ParalelleProject/build/CMakeFiles/CMakeTmp

Run Build Command:"/usr/bin/gmake" "cmTC_722fa/fast"
/usr/bin/gmake -f CMakeFiles/cmTC_722fa.dir/build.make CMakeFiles/cmTC_722fa.dir/build
gmake[1]: Entering directory `/user/8/.base/felihol/home/ParalleleFinance/ParalelleProject/build/CMakeFiles/CMakeTmp'
Building CXX object CMakeFiles/cmTC_722fa.dir/CMakeCXXCompilerABI.cpp.o
/usr/bin/clang++     -o CMakeFiles/cmTC_722fa.dir/CMakeCXXCompilerABI.cpp.o -c /usr/share/cmake3/Modules/CMakeCXXCompilerABI.cpp
Linking CXX executable cmTC_722fa
/usr/bin/cmake3 -E cmake_link_script CMakeFiles/cmTC_722fa.dir/link.txt --verbose=1
/usr/bin/clang++      -v -rdynamic CMakeFiles/cmTC_722fa.dir/CMakeCXXCompilerABI.cpp.o  -o cmTC_722fa 
clang version 3.4.2 (tags/RELEASE_34/dot2-final)
Target: x86_64-redhat-linux-gnu
Thread model: posix
Found candidate GCC installation: /usr/bin/../lib/gcc/i686-redhat-linux/4.8.2
Found candidate GCC installation: /usr/bin/../lib/gcc/i686-redhat-linux/4.8.5
Found candidate GCC installation: /usr/bin/../lib/gcc/x86_64-redhat-linux/4.8.2
Found candidate GCC installation: /usr/bin/../lib/gcc/x86_64-redhat-linux/4.8.5
Found candidate GCC installation: /usr/lib/gcc/i686-redhat-linux/4.8.2
Found candidate GCC installation: /usr/lib/gcc/i686-redhat-linux/4.8.5
Found candidate GCC installation: /usr/lib/gcc/x86_64-redhat-linux/4.8.2
Found candidate GCC installation: /usr/lib/gcc/x86_64-redhat-linux/4.8.5
Selected GCC installation: /usr/bin/../lib/gcc/x86_64-redhat-linux/4.8.5
 "/usr/bin/ld" -export-dynamic --hash-style=gnu --no-add-needed --build-id --eh-frame-hdr -m elf_x86_64 -dynamic-linker /lib64/ld-linux-x86-64.so.2 -o cmTC_722fa /usr/bin/../lib/gcc/x86_64-redhat-linux/4.8.5/../../../../lib64/crt1.o /usr/bin/../lib/gcc/x86_64-redhat-linux/4.8.5/../../../../lib64/crti.o /usr/bin/../lib/gcc/x86_64-redhat-linux/4.8.5/crtbegin.o -L/usr/bin/../lib/gcc/x86_64-redhat-linux/4.8.5 -L/usr/bin/../lib/gcc/x86_64-redhat-linux/4.8.5/../../../../lib64 -L/lib/../lib64 -L/usr/lib/../lib64 -L/usr/bin/../lib/gcc/x86_64-redhat-linux/4.8.5/../../.. -L/lib -L/usr/lib CMakeFiles/cmTC_722fa.dir/CMakeCXXCompilerABI.cpp.o -L/usr/lib64/nvidia -L/usr/lib64/nvidia -L. -lstdc++ -lm -lgcc_s -lgcc -lc -lgcc_s -lgcc /usr/bin/../lib/gcc/x86_64-redhat-linux/4.8.5/crtend.o /usr/bin/../lib/gcc/x86_64-redhat-linux/4.8.5/../../../../lib64/crtn.o
gmake[1]: Leaving directory `/user/8/.base/felihol/home/ParalleleFinance/ParalelleProject/build/CMakeFiles/CMakeTmp'


Parsed CXX implicit link information from above output:
  link line regex: [^( *|.*[/\])(ld|CMAKE_LINK_STARTFILE-NOTFOUND|([^/\]+-)?ld|collect2)[^/\]*( |$)]
  ignore line: [Change Dir: /user/8/felihol/ParalleleFinance/ParalelleProject/build/CMakeFiles/CMakeTmp]
  ignore line: []
  ignore line: [Run Build Command:"/usr/bin/gmake" "cmTC_722fa/fast"]
  ignore line: [/usr/bin/gmake -f CMakeFiles/cmTC_722fa.dir/build.make CMakeFiles/cmTC_722fa.dir/build]
  ignore line: [gmake[1]: Entering directory `/user/8/.base/felihol/home/ParalleleFinance/ParalelleProject/build/CMakeFiles/CMakeTmp']
  ignore line: [Building CXX object CMakeFiles/cmTC_722fa.dir/CMakeCXXCompilerABI.cpp.o]
  ignore line: [/usr/bin/clang++     -o CMakeFiles/cmTC_722fa.dir/CMakeCXXCompilerABI.cpp.o -c /usr/share/cmake3/Modules/CMakeCXXCompilerABI.cpp]
  ignore line: [Linking CXX executable cmTC_722fa]
  ignore line: [/usr/bin/cmake3 -E cmake_link_script CMakeFiles/cmTC_722fa.dir/link.txt --verbose=1]
  ignore line: [/usr/bin/clang++      -v -rdynamic CMakeFiles/cmTC_722fa.dir/CMakeCXXCompilerABI.cpp.o  -o cmTC_722fa ]
  ignore line: [clang version 3.4.2 (tags/RELEASE_34/dot2-final)]
  ignore line: [Target: x86_64-redhat-linux-gnu]
  ignore line: [Thread model: posix]
  ignore line: [Found candidate GCC installation: /usr/bin/../lib/gcc/i686-redhat-linux/4.8.2]
  ignore line: [Found candidate GCC installation: /usr/bin/../lib/gcc/i686-redhat-linux/4.8.5]
  ignore line: [Found candidate GCC installation: /usr/bin/../lib/gcc/x86_64-redhat-linux/4.8.2]
  ignore line: [Found candidate GCC installation: /usr/bin/../lib/gcc/x86_64-redhat-linux/4.8.5]
  ignore line: [Found candidate GCC installation: /usr/lib/gcc/i686-redhat-linux/4.8.2]
  ignore line: [Found candidate GCC installation: /usr/lib/gcc/i686-redhat-linux/4.8.5]
  ignore line: [Found candidate GCC installation: /usr/lib/gcc/x86_64-redhat-linux/4.8.2]
  ignore line: [Found candidate GCC installation: /usr/lib/gcc/x86_64-redhat-linux/4.8.5]
  ignore line: [Selected GCC installation: /usr/bin/../lib/gcc/x86_64-redhat-linux/4.8.5]
  link line: [ "/usr/bin/ld" -export-dynamic --hash-style=gnu --no-add-needed --build-id --eh-frame-hdr -m elf_x86_64 -dynamic-linker /lib64/ld-linux-x86-64.so.2 -o cmTC_722fa /usr/bin/../lib/gcc/x86_64-redhat-linux/4.8.5/../../../../lib64/crt1.o /usr/bin/../lib/gcc/x86_64-redhat-linux/4.8.5/../../../../lib64/crti.o /usr/bin/../lib/gcc/x86_64-redhat-linux/4.8.5/crtbegin.o -L/usr/bin/../lib/gcc/x86_64-redhat-linux/4.8.5 -L/usr/bin/../lib/gcc/x86_64-redhat-linux/4.8.5/../../../../lib64 -L/lib/../lib64 -L/usr/lib/../lib64 -L/usr/bin/../lib/gcc/x86_64-redhat-linux/4.8.5/../../.. -L/lib -L/usr/lib CMakeFiles/cmTC_722fa.dir/CMakeCXXCompilerABI.cpp.o -L/usr/lib64/nvidia -L/usr/lib64/nvidia -L. -lstdc++ -lm -lgcc_s -lgcc -lc -lgcc_s -lgcc /usr/bin/../lib/gcc/x86_64-redhat-linux/4.8.5/crtend.o /usr/bin/../lib/gcc/x86_64-redhat-linux/4.8.5/../../../../lib64/crtn.o]
    arg [/usr/bin/ld] ==> ignore
    arg [-export-dynamic] ==> ignore
    arg [--hash-style=gnu] ==> ignore
    arg [--no-add-needed] ==> ignore
    arg [--build-id] ==> ignore
    arg [--eh-frame-hdr] ==> ignore
    arg [-m] ==> ignore
    arg [elf_x86_64] ==> ignore
    arg [-dynamic-linker] ==> ignore
    arg [/lib64/ld-linux-x86-64.so.2] ==> ignore
    arg [-o] ==> ignore
    arg [cmTC_722fa] ==> ignore
    arg [/usr/bin/../lib/gcc/x86_64-redhat-linux/4.8.5/../../../../lib64/crt1.o] ==> ignore
    arg [/usr/bin/../lib/gcc/x86_64-redhat-linux/4.8.5/../../../../lib64/crti.o] ==> ignore
    arg [/usr/bin/../lib/gcc/x86_64-redhat-linux/4.8.5/crtbegin.o] ==> ignore
    arg [-L/usr/bin/../lib/gcc/x86_64-redhat-linux/4.8.5] ==> dir [/usr/bin/../lib/gcc/x86_64-redhat-linux/4.8.5]
    arg [-L/usr/bin/../lib/gcc/x86_64-redhat-linux/4.8.5/../../../../lib64] ==> dir [/usr/bin/../lib/gcc/x86_64-redhat-linux/4.8.5/../../../../lib64]
    arg [-L/lib/../lib64] ==> dir [/lib/../lib64]
    arg [-L/usr/lib/../lib64] ==> dir [/usr/lib/../lib64]
    arg [-L/usr/bin/../lib/gcc/x86_64-redhat-linux/4.8.5/../../..] ==> dir [/usr/bin/../lib/gcc/x86_64-redhat-linux/4.8.5/../../..]
    arg [-L/lib] ==> dir [/lib]
    arg [-L/usr/lib] ==> dir [/usr/lib]
    arg [CMakeFiles/cmTC_722fa.dir/CMakeCXXCompilerABI.cpp.o] ==> ignore
    arg [-L/usr/lib64/nvidia] ==> dir [/usr/lib64/nvidia]
    arg [-L/usr/lib64/nvidia] ==> dir [/usr/lib64/nvidia]
    arg [-L.] ==> ignore
    arg [-lstdc++] ==> lib [stdc++]
    arg [-lm] ==> lib [m]
    arg [-lgcc_s] ==> lib [gcc_s]
    arg [-lgcc] ==> lib [gcc]
    arg [-lc] ==> lib [c]
    arg [-lgcc_s] ==> lib [gcc_s]
    arg [-lgcc] ==> lib [gcc]
    arg [/usr/bin/../lib/gcc/x86_64-redhat-linux/4.8.5/crtend.o] ==> ignore
    arg [/usr/bin/../lib/gcc/x86_64-redhat-linux/4.8.5/../../../../lib64/crtn.o] ==> ignore
  collapse library dir [/usr/bin/../lib/gcc/x86_64-redhat-linux/4.8.5] ==> [/usr/lib/gcc/x86_64-redhat-linux/4.8.5]
  collapse library dir [/usr/bin/../lib/gcc/x86_64-redhat-linux/4.8.5/../../../../lib64] ==> [/usr/lib64]
  collapse library dir [/lib/../lib64] ==> [/lib64]
  collapse library dir [/usr/lib/../lib64] ==> [/usr/lib64]
  collapse library dir [/usr/bin/../lib/gcc/x86_64-redhat-linux/4.8.5/../../..] ==> [/usr/lib]
  collapse library dir [/lib] ==> [/lib]
  collapse library dir [/usr/lib] ==> [/usr/lib]
  collapse library dir [/usr/lib64/nvidia] ==> [/usr/lib64/nvidia]
  collapse library dir [/usr/lib64/nvidia] ==> [/usr/lib64/nvidia]
  implicit libs: [stdc++;m;gcc_s;gcc;c;gcc_s;gcc]
  implicit dirs: [/usr/lib/gcc/x86_64-redhat-linux/4.8.5;/usr/lib64;/lib64;/usr/lib;/lib;/usr/lib64/nvidia]
  implicit fwks: []




Detecting CXX [-std=c++1y] compiler features compiled with the following output:
Change Dir: /user/8/felihol/ParalleleFinance/ParalelleProject/build/CMakeFiles/CMakeTmp

Run Build Command:"/usr/bin/gmake" "cmTC_d6c40/fast"
/usr/bin/gmake -f CMakeFiles/cmTC_d6c40.dir/build.make CMakeFiles/cmTC_d6c40.dir/build
gmake[1]: Entering directory `/user/8/.base/felihol/home/ParalleleFinance/ParalelleProject/build/CMakeFiles/CMakeTmp'
Building CXX object CMakeFiles/cmTC_d6c40.dir/feature_tests.cxx.o
/usr/bin/clang++    -std=c++1y -o CMakeFiles/cmTC_d6c40.dir/feature_tests.cxx.o -c /user/8/felihol/ParalleleFinance/ParalelleProject/build/CMakeFiles/feature_tests.cxx
Linking CXX executable cmTC_d6c40
/usr/bin/cmake3 -E cmake_link_script CMakeFiles/cmTC_d6c40.dir/link.txt --verbose=1
/usr/bin/clang++       -rdynamic CMakeFiles/cmTC_d6c40.dir/feature_tests.cxx.o  -o cmTC_d6c40 
gmake[1]: Leaving directory `/user/8/.base/felihol/home/ParalleleFinance/ParalelleProject/build/CMakeFiles/CMakeTmp'


    Feature record: CXX_FEATURE:1cxx_aggregate_default_initializers
    Feature record: CXX_FEATURE:1cxx_alias_templates
    Feature record: CXX_FEATURE:1cxx_alignas
    Feature record: CXX_FEATURE:1cxx_alignof
    Feature record: CXX_FEATURE:1cxx_attributes
    Feature record: CXX_FEATURE:1cxx_attribute_deprecated
    Feature record: CXX_FEATURE:1cxx_auto_type
    Feature record: CXX_FEATURE:1cxx_binary_literals
    Feature record: CXX_FEATURE:1cxx_constexpr
    Feature record: CXX_FEATURE:1cxx_contextual_conversions
    Feature record: CXX_FEATURE:1cxx_decltype
    Feature record: CXX_FEATURE:1cxx_decltype_auto
    Feature record: CXX_FEATURE:1cxx_decltype_incomplete_return_types
    Feature record: CXX_FEATURE:1cxx_default_function_template_args
    Feature record: CXX_FEATURE:1cxx_defaulted_functions
    Feature record: CXX_FEATURE:1cxx_defaulted_move_initializers
    Feature record: CXX_FEATURE:1cxx_delegating_constructors
    Feature record: CXX_FEATURE:1cxx_deleted_functions
    Feature record: CXX_FEATURE:1cxx_digit_separators
    Feature record: CXX_FEATURE:1cxx_enum_forward_declarations
    Feature record: CXX_FEATURE:1cxx_explicit_conversions
    Feature record: CXX_FEATURE:1cxx_extended_friend_declarations
    Feature record: CXX_FEATURE:1cxx_extern_templates
    Feature record: CXX_FEATURE:1cxx_final
    Feature record: CXX_FEATURE:1cxx_func_identifier
    Feature record: CXX_FEATURE:1cxx_generalized_initializers
    Feature record: CXX_FEATURE:1cxx_generic_lambdas
    Feature record: CXX_FEATURE:1cxx_inheriting_constructors
    Feature record: CXX_FEATURE:1cxx_inline_namespaces
    Feature record: CXX_FEATURE:1cxx_lambdas
    Feature record: CXX_FEATURE:1cxx_lambda_init_captures
    Feature record: CXX_FEATURE:1cxx_local_type_template_args
    Feature record: CXX_FEATURE:1cxx_long_long_type
    Feature record: CXX_FEATURE:1cxx_noexcept
    Feature record: CXX_FEATURE:1cxx_nonstatic_member_init
    Feature record: CXX_FEATURE:1cxx_nullptr
    Feature record: CXX_FEATURE:1cxx_override
    Feature record: CXX_FEATURE:1cxx_range_for
    Feature record: CXX_FEATURE:1cxx_raw_string_literals
    Feature record: CXX_FEATURE:1cxx_reference_qualified_functions
    Feature record: CXX_FEATURE:1cxx_relaxed_constexpr
    Feature record: CXX_FEATURE:1cxx_return_type_deduction
    Feature record: CXX_FEATURE:1cxx_right_angle_brackets
    Feature record: CXX_FEATURE:1cxx_rvalue_references
    Feature record: CXX_FEATURE:1cxx_sizeof_member
    Feature record: CXX_FEATURE:1cxx_static_assert
    Feature record: CXX_FEATURE:1cxx_strong_enums
    Feature record: CXX_FEATURE:1cxx_template_template_parameters
    Feature record: CXX_FEATURE:1cxx_thread_local
    Feature record: CXX_FEATURE:1cxx_trailing_return_types
    Feature record: CXX_FEATURE:1cxx_unicode_literals
    Feature record: CXX_FEATURE:1cxx_uniform_initialization
    Feature record: CXX_FEATURE:1cxx_unrestricted_unions
    Feature record: CXX_FEATURE:1cxx_user_literals
    Feature record: CXX_FEATURE:1cxx_variable_templates
    Feature record: CXX_FEATURE:1cxx_variadic_macros
    Feature record: CXX_FEATURE:1cxx_variadic_templates


Detecting CXX [-std=c++11] compiler features compiled with the following output:
Change Dir: /user/8/felihol/ParalleleFinance/ParalelleProject/build/CMakeFiles/CMakeTmp

Run Build Command:"/usr/bin/gmake" "cmTC_a099d/fast"
/usr/bin/gmake -f CMakeFiles/cmTC_a099d.dir/build.make CMakeFiles/cmTC_a099d.dir/build
gmake[1]: Entering directory `/user/8/.base/felihol/home/ParalleleFinance/ParalelleProject/build/CMakeFiles/CMakeTmp'
Building CXX object CMakeFiles/cmTC_a099d.dir/feature_tests.cxx.o
/usr/bin/clang++    -std=c++11 -o CMakeFiles/cmTC_a099d.dir/feature_tests.cxx.o -c /user/8/felihol/ParalleleFinance/ParalelleProject/build/CMakeFiles/feature_tests.cxx
Linking CXX executable cmTC_a099d
/usr/bin/cmake3 -E cmake_link_script CMakeFiles/cmTC_a099d.dir/link.txt --verbose=1
/usr/bin/clang++       -rdynamic CMakeFiles/cmTC_a099d.dir/feature_tests.cxx.o  -o cmTC_a099d 
gmake[1]: Leaving directory `/user/8/.base/felihol/home/ParalleleFinance/ParalelleProject/build/CMakeFiles/CMakeTmp'


    Feature record: CXX_FEATURE:0cxx_aggregate_default_initializers
    Feature record: CXX_FEATURE:1cxx_alias_templates
    Feature record: CXX_FEATURE:1cxx_alignas
    Feature record: CXX_FEATURE:1cxx_alignof
    Feature record: CXX_FEATURE:1cxx_attributes
    Feature record: CXX_FEATURE:0cxx_attribute_deprecated
    Feature record: CXX_FEATURE:1cxx_auto_type
    Feature record: CXX_FEATURE:0cxx_binary_literals
    Feature record: CXX_FEATURE:1cxx_constexpr
    Feature record: CXX_FEATURE:0cxx_contextual_conversions
    Feature record: CXX_FEATURE:1cxx_decltype
    Feature record: CXX_FEATURE:0cxx_decltype_auto
    Feature record: CXX_FEATURE:1cxx_decltype_incomplete_return_types
    Feature record: CXX_FEATURE:1cxx_default_function_template_args
    Feature record: CXX_FEATURE:1cxx_defaulted_functions
    Feature record: CXX_FEATURE:1cxx_defaulted_move_initializers
    Feature record: CXX_FEATURE:1cxx_delegating_constructors
    Feature record: CXX_FEATURE:1cxx_deleted_functions
    Feature record: CXX_FEATURE:0cxx_digit_separators
    Feature record: CXX_FEATURE:1cxx_enum_forward_declarations
    Feature record: CXX_FEATURE:1cxx_explicit_conversions
    Feature record: CXX_FEATURE:1cxx_extended_friend_declarations
    Feature record: CXX_FEATURE:1cxx_extern_templates
    Feature record: CXX_FEATURE:1cxx_final
    Feature record: CXX_FEATURE:1cxx_func_identifier
    Feature record: CXX_FEATURE:1cxx_generalized_initializers
    Feature record: CXX_FEATURE:0cxx_generic_lambdas
    Feature record: CXX_FEATURE:1cxx_inheriting_constructors
    Feature record: CXX_FEATURE:1cxx_inline_namespaces
    Feature record: CXX_FEATURE:1cxx_lambdas
    Feature record: CXX_FEATURE:0cxx_lambda_init_captures
    Feature record: CXX_FEATURE:1cxx_local_type_template_args
    Feature record: CXX_FEATURE:1cxx_long_long_type
    Feature record: CXX_FEATURE:1cxx_noexcept
    Feature record: CXX_FEATURE:1cxx_nonstatic_member_init
    Feature record: CXX_FEATURE:1cxx_nullptr
    Feature record: CXX_FEATURE:1cxx_override
    Feature record: CXX_FEATURE:1cxx_range_for
    Feature record: CXX_FEATURE:1cxx_raw_string_literals
    Feature record: CXX_FEATURE:1cxx_reference_qualified_functions
    Feature record: CXX_FEATURE:0cxx_relaxed_constexpr
    Feature record: CXX_FEATURE:0cxx_return_type_deduction
    Feature record: CXX_FEATURE:1cxx_right_angle_brackets
    Feature record: CXX_FEATURE:1cxx_rvalue_references
    Feature record: CXX_FEATURE:1cxx_sizeof_member
    Feature record: CXX_FEATURE:1cxx_static_assert
    Feature record: CXX_FEATURE:1cxx_strong_enums
    Feature record: CXX_FEATURE:1cxx_template_template_parameters
    Feature record: CXX_FEATURE:1cxx_thread_local
    Feature record: CXX_FEATURE:1cxx_trailing_return_types
    Feature record: CXX_FEATURE:1cxx_unicode_literals
    Feature record: CXX_FEATURE:1cxx_uniform_initialization
    Feature record: CXX_FEATURE:1cxx_unrestricted_unions
    Feature record: CXX_FEATURE:1cxx_user_literals
    Feature record: CXX_FEATURE:0cxx_variable_templates
    Feature record: CXX_FEATURE:1cxx_variadic_macros
    Feature record: CXX_FEATURE:1cxx_variadic_templates


Detecting CXX [-std=c++98] compiler features compiled with the following output:
Change Dir: /user/8/felihol/ParalleleFinance/ParalelleProject/build/CMakeFiles/CMakeTmp

Run Build Command:"/usr/bin/gmake" "cmTC_ffdb7/fast"
/usr/bin/gmake -f CMakeFiles/cmTC_ffdb7.dir/build.make CMakeFiles/cmTC_ffdb7.dir/build
gmake[1]: Entering directory `/user/8/.base/felihol/home/ParalleleFinance/ParalelleProject/build/CMakeFiles/CMakeTmp'
Building CXX object CMakeFiles/cmTC_ffdb7.dir/feature_tests.cxx.o
/usr/bin/clang++    -std=c++98 -o CMakeFiles/cmTC_ffdb7.dir/feature_tests.cxx.o -c /user/8/felihol/ParalleleFinance/ParalelleProject/build/CMakeFiles/feature_tests.cxx
Linking CXX executable cmTC_ffdb7
/usr/bin/cmake3 -E cmake_link_script CMakeFiles/cmTC_ffdb7.dir/link.txt --verbose=1
/usr/bin/clang++       -rdynamic CMakeFiles/cmTC_ffdb7.dir/feature_tests.cxx.o  -o cmTC_ffdb7 
gmake[1]: Leaving directory `/user/8/.base/felihol/home/ParalleleFinance/ParalelleProject/build/CMakeFiles/CMakeTmp'


    Feature record: CXX_FEATURE:0cxx_aggregate_default_initializers
    Feature record: CXX_FEATURE:0cxx_alias_templates
    Feature record: CXX_FEATURE:0cxx_alignas
    Feature record: CXX_FEATURE:0cxx_alignof
    Feature record: CXX_FEATURE:0cxx_attributes
    Feature record: CXX_FEATURE:0cxx_attribute_deprecated
    Feature record: CXX_FEATURE:0cxx_auto_type
    Feature record: CXX_FEATURE:0cxx_binary_literals
    Feature record: CXX_FEATURE:0cxx_constexpr
    Feature record: CXX_FEATURE:0cxx_contextual_conversions
    Feature record: CXX_FEATURE:0cxx_decltype
    Feature record: CXX_FEATURE:0cxx_decltype_auto
    Feature record: CXX_FEATURE:0cxx_decltype_incomplete_return_types
    Feature record: CXX_FEATURE:0cxx_default_function_template_args
    Feature record: CXX_FEATURE:0cxx_defaulted_functions
    Feature record: CXX_FEATURE:0cxx_defaulted_move_initializers
    Feature record: CXX_FEATURE:0cxx_delegating_constructors
    Feature record: CXX_FEATURE:0cxx_deleted_functions
    Feature record: CXX_FEATURE:0cxx_digit_separators
    Feature record: CXX_FEATURE:0cxx_enum_forward_declarations
    Feature record: CXX_FEATURE:0cxx_explicit_conversions
    Feature record: CXX_FEATURE:0cxx_extended_friend_declarations
    Feature record: CXX_FEATURE:0cxx_extern_templates
    Feature record: CXX_FEATURE:0cxx_final
    Feature record: CXX_FEATURE:0cxx_func_identifier
    Feature record: CXX_FEATURE:0cxx_generalized_initializers
    Feature record: CXX_FEATURE:0cxx_generic_lambdas
    Feature record: CXX_FEATURE:0cxx_inheriting_constructors
    Feature record: CXX_FEATURE:0cxx_inline_namespaces
    Feature record: CXX_FEATURE:0cxx_lambdas
    Feature record: CXX_FEATURE:0cxx_lambda_init_captures
    Feature record: CXX_FEATURE:0cxx_local_type_template_args
    Feature record: CXX_FEATURE:0cxx_long_long_type
    Feature record: CXX_FEATURE:0cxx_noexcept
    Feature record: CXX_FEATURE:0cxx_nonstatic_member_init
    Feature record: CXX_FEATURE:0cxx_nullptr
    Feature record: CXX_FEATURE:0cxx_override
    Feature record: CXX_FEATURE:0cxx_range_for
    Feature record: CXX_FEATURE:0cxx_raw_string_literals
    Feature record: CXX_FEATURE:0cxx_reference_qualified_functions
    Feature record: CXX_FEATURE:0cxx_relaxed_constexpr
    Feature record: CXX_FEATURE:0cxx_return_type_deduction
    Feature record: CXX_FEATURE:0cxx_right_angle_brackets
    Feature record: CXX_FEATURE:0cxx_rvalue_references
    Feature record: CXX_FEATURE:0cxx_sizeof_member
    Feature record: CXX_FEATURE:0cxx_static_assert
    Feature record: CXX_FEATURE:0cxx_strong_enums
    Feature record: CXX_FEATURE:1cxx_template_template_parameters
    Feature record: CXX_FEATURE:0cxx_thread_local
    Feature record: CXX_FEATURE:0cxx_trailing_return_types
    Feature record: CXX_FEATURE:0cxx_unicode_literals
    Feature record: CXX_FEATURE:0cxx_uniform_initialization
    Feature record: CXX_FEATURE:0cxx_unrestricted_unions
    Feature record: CXX_FEATURE:0cxx_user_literals
    Feature record: CXX_FEATURE:0cxx_variable_templates
    Feature record: CXX_FEATURE:0cxx_variadic_macros
    Feature record: CXX_FEATURE:0cxx_variadic_templates
